Arguments: 
  C:\laragon\bin\nodejs\node-v12\node.exe C:\Users\neeel\AppData\Roaming\npm\node_modules\yarn\bin\yarn.js add holder.js --save

PATH: 
  C:\Users\neeel\AppData\Local\Yarn\config\global\node_modules\.bin;C:\Users\neeel\AppData\Roaming\npm;C:\Users\neeel\AppData\Roaming\Composer\vendor\bin;;C:\laragon\bin\laragon\utils;C:\laragon\bin\mysql\mysql-5.7.24-winx64\bin;C:\laragon\bin\php\php-7.2.19-Win32-VC15-x64;C:\laragon\bin\composer;C:\laragon\bin\apache\httpd-2.4.35-win64-VC15\bin;C:\laragon\bin\redis\redis-x64-3.2.100;C:\laragon\bin\nodejs\node-v12;C:\laragon\bin\nginx\nginx-1.16.0;C:\laragon\bin\notepad++;C:\laragon\bin\telnet;C:\laragon\bin\ngrok;C:\laragon\bin\git\bin;C:\laragon\bin\git\cmd;C:\laragon\bin\git\usr\bin;C:\laragon\bin\git\mingw64\bin;C:\laragon\bin;C:\laragon\usr\bin;C:\laragon\bin\putty;C:\laragon\bin\cmder\bin;C:\Windows\system32;C:\Windows;C:\Windows\System32\Wbem;C:\Windows\System32\WindowsPowerShell\v1.0\;C:\Windows\System32\OpenSSH\;C:\Program Files\nodejs\;C:\Program Files\Git\cmd;C:\composer;C:\Users\neeel\AppData\Local\Microsoft\WindowsApps;C:\Users\neeel\AppData\Roaming\npm;C:\php;C:\Users\neeel\AppData\Local\Programs\Microsoft VS Code\bin;C:\Users\neeel\AppData\Roaming\Composer\vendor\bin;C:\Users\neeel\vendor;;C:\Program Files\Git\usr\bin;C:\Program Files\Git\usr\share\vim\vim74;C:\laragon\bin\cmder\;

Yarn version: 
  1.22.17

Node version: 
  12.5.0

Platform: 
  win32 x64

Trace: 
  Error: https://registry.yarnpkg.com/holder.js: Not found
      at Request.params.callback [as _callback] (C:\Users\neeel\AppData\Roaming\npm\node_modules\yarn\lib\cli.js:67029:18)
      at Request.self.callback (C:\Users\neeel\AppData\Roaming\npm\node_modules\yarn\lib\cli.js:140883:22)
      at Request.emit (events.js:200:13)
      at Request.<anonymous> (C:\Users\neeel\AppData\Roaming\npm\node_modules\yarn\lib\cli.js:141855:10)
      at Request.emit (events.js:200:13)
      at IncomingMessage.<anonymous> (C:\Users\neeel\AppData\Roaming\npm\node_modules\yarn\lib\cli.js:141777:12)
      at Object.onceWrapper (events.js:288:20)
      at IncomingMessage.emit (events.js:205:15)
      at endReadableNT (_stream_readable.js:1154:12)
      at processTicksAndRejections (internal/process/task_queues.js:74:11)

npm manifest: 
  {
    "name": "ecommerce",
    "version": "1.0.0",
    "description": "Ecommerce platform in PHP",
    "main": "index.js",
    "author": "MasrurNeel <mikum861@gmail.com>",
    "license": "MIT",
    "dependencies": {
      "bootstrap": "^5.1.3",
      "jquery": "^3.6.0",
      "popper.js": "^1.16.1"
    }
  }

yarn manifest: 
  No manifest

Lockfile: 
  # THIS IS AN AUTOGENERATED FILE. DO NOT EDIT THIS FILE DIRECTLY.
  # yarn lockfile v1
  
  
  bootstrap@^5.1.3:
    version "5.1.3"
    resolved "https://registry.yarnpkg.com/bootstrap/-/bootstrap-5.1.3.tgz#ba081b0c130f810fa70900acbc1c6d3c28fa8f34"
    integrity sha512-fcQztozJ8jToQWXxVuEyXWW+dSo8AiXWKwiSSrKWsRB/Qt+Ewwza+JWoLKiTuQLaEPhdNAJ7+Dosc9DOIqNy7Q==
  
  jquery@^3.6.0:
    version "3.6.0"
    resolved "https://registry.yarnpkg.com/jquery/-/jquery-3.6.0.tgz#c72a09f15c1bdce142f49dbf1170bdf8adac2470"
    integrity sha512-JVzAR/AjBvVt2BmYhxRCSYysDsPcssdmTFnzyLEts9qNwmjmu4JTAMYubEfwVOSwpQ1I1sKKFcxhZCI2buerfw==
  
  popper.js@^1.16.1:
    version "1.16.1"
    resolved "https://registry.yarnpkg.com/popper.js/-/popper.js-1.16.1.tgz#2a223cb3dc7b6213d740e40372be40de43e65b1b"
    integrity sha512-Wb4p1J4zyFTbM+u6WuO4XstYx4Ky9Cewe4DWrel7B0w6VVICvPwdOpotjzcf6eD8TsckVnIMNONQyPIUFOUbCQ==
